2020-02-07 10:31:51,621 INFO org.springframework.boot.StartupInfoLogger [main] Starting HappyGardenJavaApplication on DESKTOP-N2JJELG with PID 7368 (C:\Users\formation\HappyGarden\HappyGarden_java\target\classes started by formation in C:\Users\formation\HappyGarden\HappyGarden_java)
2020-02-07 10:31:51,623 INFO org.springframework.boot.SpringApplication [main] The following profiles are active: dev
2020-02-07 10:31:52,250 INFO org.springframework.data.repository.config.RepositoryConfigurationDelegate [main] Bootstrapping Spring Data JPA repositories in DEFAULT mode.
2020-02-07 10:31:52,362 INFO org.springframework.data.repository.config.RepositoryConfigurationDelegate [main] Finished Spring Data repository scanning in 101ms. Found 14 JPA repository interfaces.
2020-02-07 10:31:52,740 INFO org.springframework.context.support.PostProcessorRegistrationDelegate$BeanPostProcessorChecker [main] Bean 'org.springframework.transaction.annotation.ProxyTransactionManagementConfiguration' of type [org.springframework.transaction.annotation.ProxyTransactionManagementConfiguration] is not eligible for getting processed by all BeanPostProcessors (for example: not eligible for auto-proxying)
2020-02-07 10:31:52,763 INFO org.springframework.context.support.PostProcessorRegistrationDelegate$BeanPostProcessorChecker [main] Bean 'org.springframework.security.config.annotation.configuration.ObjectPostProcessorConfiguration' of type [org.springframework.security.config.annotation.configuration.ObjectPostProcessorConfiguration] is not eligible for getting processed by all BeanPostProcessors (for example: not eligible for auto-proxying)
2020-02-07 10:31:52,767 INFO org.springframework.context.support.PostProcessorRegistrationDelegate$BeanPostProcessorChecker [main] Bean 'objectPostProcessor' of type [org.springframework.security.config.annotation.configuration.AutowireBeanFactoryObjectPostProcessor] is not eligible for getting processed by all BeanPostProcessors (for example: not eligible for auto-proxying)
2020-02-07 10:31:52,768 INFO org.springframework.context.support.PostProcessorRegistrationDelegate$BeanPostProcessorChecker [main] Bean 'org.springframework.security.access.expression.method.DefaultMethodSecurityExpressionHandler@61e45f87' of type [org.springframework.security.access.expression.method.DefaultMethodSecurityExpressionHandler] is not eligible for getting processed by all BeanPostProcessors (for example: not eligible for auto-proxying)
2020-02-07 10:31:52,770 INFO org.springframework.context.support.PostProcessorRegistrationDelegate$BeanPostProcessorChecker [main] Bean 'org.springframework.security.config.annotation.method.configuration.GlobalMethodSecurityConfiguration' of type [org.springframework.security.config.annotation.method.configuration.GlobalMethodSecurityConfiguration] is not eligible for getting processed by all BeanPostProcessors (for example: not eligible for auto-proxying)
2020-02-07 10:31:52,774 INFO org.springframework.context.support.PostProcessorRegistrationDelegate$BeanPostProcessorChecker [main] Bean 'methodSecurityMetadataSource' of type [org.springframework.security.access.method.DelegatingMethodSecurityMetadataSource] is not eligible for getting processed by all BeanPostProcessors (for example: not eligible for auto-proxying)
2020-02-07 10:31:53,269 INFO org.springframework.boot.web.embedded.tomcat.TomcatWebServer [main] Tomcat initialized with port(s): 8082 (http)
2020-02-07 10:31:53,281 INFO org.apache.juli.logging.DirectJDKLog [main] Initializing ProtocolHandler ["http-nio-8082"]
2020-02-07 10:31:53,282 INFO org.apache.juli.logging.DirectJDKLog [main] Starting service [Tomcat]
2020-02-07 10:31:53,283 INFO org.apache.juli.logging.DirectJDKLog [main] Starting Servlet engine: [Apache Tomcat/9.0.29]
2020-02-07 10:31:53,694 INFO org.apache.juli.logging.DirectJDKLog [main] Initializing Spring embedded WebApplicationContext
2020-02-07 10:31:53,695 INFO org.springframework.boot.web.servlet.context.ServletWebServerApplicationContext [main] Root WebApplicationContext: initialization completed in 2030 ms
2020-02-07 10:31:53,978 INFO org.hibernate.jpa.internal.util.LogHelper [main] HHH000204: Processing PersistenceUnitInfo [name: default]
2020-02-07 10:31:54,048 INFO org.hibernate.Version [main] HHH000412: Hibernate Core {5.4.9.Final}
2020-02-07 10:31:54,191 INFO org.hibernate.annotations.common.reflection.java.JavaReflectionManager [main] HCANN000001: Hibernate Commons Annotations {5.1.0.Final}
2020-02-07 10:31:54,286 INFO com.zaxxer.hikari.HikariDataSource [main] HikariPool-1 - Starting...
2020-02-07 10:31:54,393 INFO com.zaxxer.hikari.HikariDataSource [main] HikariPool-1 - Start completed.
2020-02-07 10:31:54,411 INFO org.hibernate.dialect.Dialect [main] HHH000400: Using dialect: org.hibernate.dialect.PostgreSQL95Dialect
2020-02-07 10:31:55,374 WARN org.hibernate.engine.jdbc.spi.SqlExceptionHelper$StandardWarningHandler [main] SQL Warning Code: 0, SQLState: 00000
2020-02-07 10:31:55,374 WARN org.hibernate.engine.jdbc.spi.SqlExceptionHelper$StandardWarningHandler [main] la contrainte « uk_163cga9b82cbl0obssg58gkvm » de la relation « conversation_messages » n'existe pas, ignore
2020-02-07 10:31:55,378 WARN org.hibernate.engine.jdbc.spi.SqlExceptionHelper$StandardWarningHandler [main] SQL Warning Code: 0, SQLState: 00000
2020-02-07 10:31:55,378 WARN org.hibernate.engine.jdbc.spi.SqlExceptionHelper$StandardWarningHandler [main] la contrainte « uk_4mbpb5jsl6uh2b93v2t96hk9k » de la relation « garden_comments » n'existe pas, ignore
2020-02-07 10:31:55,381 WARN org.hibernate.engine.jdbc.spi.SqlExceptionHelper$StandardWarningHandler [main] SQL Warning Code: 0, SQLState: 00000
2020-02-07 10:31:55,381 WARN org.hibernate.engine.jdbc.spi.SqlExceptionHelper$StandardWarningHandler [main] la contrainte « uk_3ad2oldiyl4xvvcbcpcg1x0c » de la relation « garden_planting_areas » n'existe pas, ignore
2020-02-07 10:31:55,384 WARN org.hibernate.engine.jdbc.spi.SqlExceptionHelper$StandardWarningHandler [main] SQL Warning Code: 0, SQLState: 00000
2020-02-07 10:31:55,384 WARN org.hibernate.engine.jdbc.spi.SqlExceptionHelper$StandardWarningHandler [main] la contrainte « uk_d9cdka3clfox3681qpo7wprcx » de la relation « planting_area_reminders » n'existe pas, ignore
2020-02-07 10:31:55,387 WARN org.hibernate.engine.jdbc.spi.SqlExceptionHelper$StandardWarningHandler [main] SQL Warning Code: 0, SQLState: 00000
2020-02-07 10:31:55,387 WARN org.hibernate.engine.jdbc.spi.SqlExceptionHelper$StandardWarningHandler [main] la contrainte « uk_c7t05t5nurwkwvbq32vi1toos » de la relation « planting_area_slots » n'existe pas, ignore
2020-02-07 10:31:55,390 WARN org.hibernate.engine.jdbc.spi.SqlExceptionHelper$StandardWarningHandler [main] SQL Warning Code: 0, SQLState: 00000
2020-02-07 10:31:55,390 WARN org.hibernate.engine.jdbc.spi.SqlExceptionHelper$StandardWarningHandler [main] la contrainte « uk_d5s80v1ic05f862oo5hs0rw8q » de la relation « user_account » n'existe pas, ignore
2020-02-07 10:31:55,393 WARN org.hibernate.engine.jdbc.spi.SqlExceptionHelper$StandardWarningHandler [main] SQL Warning Code: 0, SQLState: 00000
2020-02-07 10:31:55,393 WARN org.hibernate.engine.jdbc.spi.SqlExceptionHelper$StandardWarningHandler [main] la contrainte « uk_phx82weyodkabv4j6461k5d39 » de la relation « user_account_gardens » n'existe pas, ignore
2020-02-07 10:31:55,396 WARN org.hibernate.engine.jdbc.spi.SqlExceptionHelper$StandardWarningHandler [main] SQL Warning Code: 0, SQLState: 00000
2020-02-07 10:31:55,396 WARN org.hibernate.engine.jdbc.spi.SqlExceptionHelper$StandardWarningHandler [main] la contrainte « uk_958avrlvhha8sosr5sf1tk35a » de la relation « user_right » n'existe pas, ignore
2020-02-07 10:31:55,398 WARN org.hibernate.engine.jdbc.spi.SqlExceptionHelper$StandardWarningHandler [main] SQL Warning Code: 0, SQLState: 00000
2020-02-07 10:31:55,398 WARN org.hibernate.engine.jdbc.spi.SqlExceptionHelper$StandardWarningHandler [main] la contrainte « uk_lnth8w122wgy7grrjlu8hjmuu » de la relation « user_role » n'existe pas, ignore
2020-02-07 10:31:55,447 INFO org.hibernate.engine.transaction.jta.platform.internal.JtaPlatformInitiator [main] HHH000490: Using JtaPlatform implementation: [org.hibernate.engine.transaction.jta.platform.internal.NoJtaPlatform]
2020-02-07 10:31:55,453 INFO org.springframework.orm.jpa.AbstractEntityManagerFactoryBean [main] Initialized JPA EntityManagerFactory for persistence unit 'default'
2020-02-07 10:31:55,500 WARN org.springframework.boot.autoconfigure.orm.jpa.JpaBaseConfiguration$JpaWebConfiguration [main] spring.jpa.open-in-view is enabled by default. Therefore, database queries may be performed during view rendering. Explicitly configure spring.jpa.open-in-view to disable this warning
2020-02-07 10:31:56,506 INFO org.springframework.security.web.DefaultSecurityFilterChain [main] Creating filter chain: any request, [org.springframework.security.web.context.request.async.WebAsyncManagerIntegrationFilter@114b203, org.springframework.security.web.context.SecurityContextPersistenceFilter@2965dd88, org.springframework.security.web.header.HeaderWriterFilter@38e7860c, org.springframework.security.web.authentication.logout.LogoutFilter@718f3088, org.springframework.security.web.authentication.www.BasicAuthenticationFilter@77e6761f, org.springframework.security.web.savedrequest.RequestCacheAwareFilter@51141f64, org.springframework.security.web.servletapi.SecurityContextHolderAwareRequestFilter@7c8df667, org.springframework.security.web.authentication.AnonymousAuthenticationFilter@8d810f2, org.springframework.security.web.session.SessionManagementFilter@192f5f39, org.springframework.security.web.access.ExceptionTranslationFilter@738a39cc, org.springframework.security.web.access.intercept.FilterSecurityInterceptor@3cad24ae]
2020-02-07 10:31:56,618 INFO org.springframework.scheduling.concurrent.ExecutorConfigurationSupport [main] Initializing ExecutorService 'applicationTaskExecutor'
2020-02-07 10:31:56,800 INFO org.apache.juli.logging.DirectJDKLog [main] Starting ProtocolHandler ["http-nio-8082"]
2020-02-07 10:31:56,828 INFO org.springframework.boot.web.embedded.tomcat.TomcatWebServer [main] Tomcat started on port(s): 8082 (http) with context path '/happygarden/api'
2020-02-07 10:31:56,830 INFO org.springframework.boot.StartupInfoLogger [main] Started HappyGardenJavaApplication in 5.68 seconds (JVM running for 6.232)
2020-02-07 10:31:56,863 ERROR diginamic.happygarden.exception.NotFoundException [main] User role with name "Basic" not found.
2020-02-07 10:31:56,937 ERROR diginamic.happygarden.exception.NotFoundException [main] User role with name "Admin" not found.
2020-02-07 10:31:56,972 ERROR diginamic.happygarden.exception.NotFoundException [main] Entity not found
2020-02-07 10:31:57,065 ERROR diginamic.happygarden.exception.NotFoundException [main] Entity not found
2020-02-07 10:45:50,268 INFO org.springframework.boot.StartupInfoLogger [main] Starting HappyGardenJavaApplication on DESKTOP-N2JJELG with PID 8696 (C:\Users\formation\HappyGarden\HappyGarden_java\target\classes started by formation in C:\Users\formation\HappyGarden\HappyGarden_java)
2020-02-07 10:45:50,271 INFO org.springframework.boot.SpringApplication [main] The following profiles are active: dev
2020-02-07 10:45:51,050 INFO org.springframework.data.repository.config.RepositoryConfigurationDelegate [main] Bootstrapping Spring Data JPA repositories in DEFAULT mode.
2020-02-07 10:45:51,164 INFO org.springframework.data.repository.config.RepositoryConfigurationDelegate [main] Finished Spring Data repository scanning in 105ms. Found 14 JPA repository interfaces.
2020-02-07 10:45:51,522 INFO org.springframework.context.support.PostProcessorRegistrationDelegate$BeanPostProcessorChecker [main] Bean 'org.springframework.transaction.annotation.ProxyTransactionManagementConfiguration' of type [org.springframework.transaction.annotation.ProxyTransactionManagementConfiguration] is not eligible for getting processed by all BeanPostProcessors (for example: not eligible for auto-proxying)
2020-02-07 10:45:51,546 INFO org.springframework.context.support.PostProcessorRegistrationDelegate$BeanPostProcessorChecker [main] Bean 'org.springframework.security.config.annotation.configuration.ObjectPostProcessorConfiguration' of type [org.springframework.security.config.annotation.configuration.ObjectPostProcessorConfiguration] is not eligible for getting processed by all BeanPostProcessors (for example: not eligible for auto-proxying)
2020-02-07 10:45:51,548 INFO org.springframework.context.support.PostProcessorRegistrationDelegate$BeanPostProcessorChecker [main] Bean 'objectPostProcessor' of type [org.springframework.security.config.annotation.configuration.AutowireBeanFactoryObjectPostProcessor] is not eligible for getting processed by all BeanPostProcessors (for example: not eligible for auto-proxying)
2020-02-07 10:45:51,550 INFO org.springframework.context.support.PostProcessorRegistrationDelegate$BeanPostProcessorChecker [main] Bean 'org.springframework.security.access.expression.method.DefaultMethodSecurityExpressionHandler@4d6f197e' of type [org.springframework.security.access.expression.method.DefaultMethodSecurityExpressionHandler] is not eligible for getting processed by all BeanPostProcessors (for example: not eligible for auto-proxying)
2020-02-07 10:45:51,551 INFO org.springframework.context.support.PostProcessorRegistrationDelegate$BeanPostProcessorChecker [main] Bean 'org.springframework.security.config.annotation.method.configuration.GlobalMethodSecurityConfiguration' of type [org.springframework.security.config.annotation.method.configuration.GlobalMethodSecurityConfiguration] is not eligible for getting processed by all BeanPostProcessors (for example: not eligible for auto-proxying)
2020-02-07 10:45:51,554 INFO org.springframework.context.support.PostProcessorRegistrationDelegate$BeanPostProcessorChecker [main] Bean 'methodSecurityMetadataSource' of type [org.springframework.security.access.method.DelegatingMethodSecurityMetadataSource] is not eligible for getting processed by all BeanPostProcessors (for example: not eligible for auto-proxying)
2020-02-07 10:45:52,019 INFO org.springframework.boot.web.embedded.tomcat.TomcatWebServer [main] Tomcat initialized with port(s): 8082 (http)
2020-02-07 10:45:52,029 INFO org.apache.juli.logging.DirectJDKLog [main] Initializing ProtocolHandler ["http-nio-8082"]
2020-02-07 10:45:52,030 INFO org.apache.juli.logging.DirectJDKLog [main] Starting service [Tomcat]
2020-02-07 10:45:52,030 INFO org.apache.juli.logging.DirectJDKLog [main] Starting Servlet engine: [Apache Tomcat/9.0.29]
2020-02-07 10:45:52,388 INFO org.apache.juli.logging.DirectJDKLog [main] Initializing Spring embedded WebApplicationContext
2020-02-07 10:45:52,389 INFO org.springframework.boot.web.servlet.context.ServletWebServerApplicationContext [main] Root WebApplicationContext: initialization completed in 2074 ms
2020-02-07 10:45:52,662 INFO org.hibernate.jpa.internal.util.LogHelper [main] HHH000204: Processing PersistenceUnitInfo [name: default]
2020-02-07 10:45:52,733 INFO org.hibernate.Version [main] HHH000412: Hibernate Core {5.4.9.Final}
2020-02-07 10:45:52,892 INFO org.hibernate.annotations.common.reflection.java.JavaReflectionManager [main] HCANN000001: Hibernate Commons Annotations {5.1.0.Final}
2020-02-07 10:45:53,008 INFO com.zaxxer.hikari.HikariDataSource [main] HikariPool-1 - Starting...
2020-02-07 10:45:53,106 INFO com.zaxxer.hikari.HikariDataSource [main] HikariPool-1 - Start completed.
2020-02-07 10:45:53,125 INFO org.hibernate.dialect.Dialect [main] HHH000400: Using dialect: org.hibernate.dialect.PostgreSQL95Dialect
2020-02-07 10:45:54,434 INFO org.hibernate.engine.transaction.jta.platform.internal.JtaPlatformInitiator [main] HHH000490: Using JtaPlatform implementation: [org.hibernate.engine.transaction.jta.platform.internal.NoJtaPlatform]
2020-02-07 10:45:54,440 INFO org.springframework.orm.jpa.AbstractEntityManagerFactoryBean [main] Initialized JPA EntityManagerFactory for persistence unit 'default'
2020-02-07 10:45:54,485 WARN org.springframework.boot.autoconfigure.orm.jpa.JpaBaseConfiguration$JpaWebConfiguration [main] spring.jpa.open-in-view is enabled by default. Therefore, database queries may be performed during view rendering. Explicitly configure spring.jpa.open-in-view to disable this warning
2020-02-07 10:45:55,452 INFO org.springframework.security.web.DefaultSecurityFilterChain [main] Creating filter chain: any request, [org.springframework.security.web.context.request.async.WebAsyncManagerIntegrationFilter@4ef31221, org.springframework.security.web.context.SecurityContextPersistenceFilter@21540255, org.springframework.security.web.header.HeaderWriterFilter@12be4f83, org.springframework.security.web.authentication.logout.LogoutFilter@2328ec73, org.springframework.security.web.authentication.www.BasicAuthenticationFilter@654b899f, org.springframework.security.web.savedrequest.RequestCacheAwareFilter@1c8e8fed, org.springframework.security.web.servletapi.SecurityContextHolderAwareRequestFilter@846b47, org.springframework.security.web.authentication.AnonymousAuthenticationFilter@4e9e0c6, org.springframework.security.web.session.SessionManagementFilter@32328dc4, org.springframework.security.web.access.ExceptionTranslationFilter@22c29aa8, org.springframework.security.web.access.intercept.FilterSecurityInterceptor@5604b85]
2020-02-07 10:45:55,560 INFO org.springframework.scheduling.concurrent.ExecutorConfigurationSupport [main] Initializing ExecutorService 'applicationTaskExecutor'
2020-02-07 10:45:55,748 INFO org.apache.juli.logging.DirectJDKLog [main] Starting ProtocolHandler ["http-nio-8082"]
2020-02-07 10:45:55,775 INFO org.springframework.boot.web.embedded.tomcat.TomcatWebServer [main] Tomcat started on port(s): 8082 (http) with context path '/happygarden/api'
2020-02-07 10:45:55,777 INFO org.springframework.boot.StartupInfoLogger [main] Started HappyGardenJavaApplication in 5.89 seconds (JVM running for 6.452)
2020-02-07 12:31:39,837 INFO org.apache.juli.logging.DirectJDKLog [http-nio-8082-exec-4] Initializing Spring DispatcherServlet 'dispatcherServlet'
